<?xml version="1.0" encoding="UTF-8"?>
<testng-results ignored="0" total="1" passed="1" failed="0" skipped="0">
  <reporter-output>
  </reporter-output>
  <suite started-at="2022-06-01T09:38:49 IST" name="Suite" finished-at="2022-06-01T09:38:58 IST" duration-ms="8158">
    <groups>
    </groups>
    <test started-at="2022-06-01T09:38:49 IST" name="Test" finished-at="2022-06-01T09:38:58 IST" duration-ms="8158">
      <class name="mavenforjenkins2.mavenforjenkins2.UITest">
        <test-method signature="startBrowser()[pri:0, instance:mavenforjenkins2.mavenforjenkins2.UITest@25fb8912]" started-at="2022-06-01T09:38:49 IST" name="startBrowser" finished-at="2022-06-01T09:38:58 IST" duration-ms="8071" status="PASS">
          <reporter-output>
          </reporter-output>
        </test-method> <!-- startBrowser -->
      </class> <!-- mavenforjenkins2.mavenforjenkins2.UITest -->
    </test> <!-- Test -->
  </suite> <!-- Suite -->
</testng-results>
